<?xml version="1.0" encoding="UTF-8"?>
<!-- Generated by org.testng.reporters.JUnitReportReporter -->
<testsuite hostname="LAPTOP-U67VVUK3" failures="0" tests="1" name="prime_factors.PrimeFactorsTest" time="0.006" errors="0" timestamp="2021-11-08T16:59:53 BRT" skipped="0">
  <testcase classname="prime_factors.PrimeFactorsTest" name="testPrimeFa" time="0.006"/>
  <system-out/>
</testsuite> <!-- prime_factors.PrimeFactorsTest -->
