<?xml version="1.0" encoding="UTF-8"?>
<!-- Generated by org.testng.reporters.JUnitReportReporter -->
<testsuite hostname="LAPTOP-U67VVUK3" failures="0" tests="5" name="fahrenheit.ConverterTestDataProvider" time="0.012" errors="0" timestamp="2021-11-08T12:22:39 BRT" skipped="0">
  <testcase classname="fahrenheit.ConverterTestDataProvider" name="testMultipleArguments" time="0.001"/>
  <system-out/>
  <testcase classname="fahrenheit.ConverterTestDataProvider" name="testMultipleArguments" time="0.008"/>
  <system-out/>
  <testcase classname="fahrenheit.ConverterTestDataProvider" name="testMultipleArguments" time="0.001"/>
  <system-out/>
  <testcase classname="fahrenheit.ConverterTestDataProvider" name="testMultipleArguments" time="0.001"/>
  <system-out/>
  <testcase classname="fahrenheit.ConverterTestDataProvider" name="testMultipleArguments" time="0.001"/>
  <system-out/>
</testsuite> <!-- fahrenheit.ConverterTestDataProvider -->
