<?xml version="1.0" encoding="UTF-8"?>
<!-- Generated by org.testng.reporters.JUnitReportReporter -->
<testsuite hostname="LAPTOP-U67VVUK3" failures="0" tests="6" name="palindrome.PalindromeTestDataProvider" time="0.018" errors="0" timestamp="2021-11-08T13:02:36 BRT" skipped="0">
  <testcase classname="palindrome.PalindromeTestDataProvider" name="testFalse" time="0.002"/>
  <system-out/>
  <testcase classname="palindrome.PalindromeTestDataProvider" name="testFalse" time="0.006"/>
  <system-out/>
  <testcase classname="palindrome.PalindromeTestDataProvider" name="testFalse" time="0.001"/>
  <system-out/>
  <testcase classname="palindrome.PalindromeTestDataProvider" name="testExceptions" time="0.006"/>
  <system-out/>
  <testcase classname="palindrome.PalindromeTestDataProvider" name="testExceptions" time="0.001"/>
  <system-out/>
  <testcase classname="palindrome.PalindromeTestDataProvider" name="testTrue" time="0.002"/>
  <system-out/>
</testsuite> <!-- palindrome.PalindromeTestDataProvider -->
