<?xml version="1.0" encoding="UTF-8"?>
<!-- Generated by org.testng.reporters.JUnitReportReporter -->
<testsuite hostname="LAPTOP-U67VVUK3" failures="0" tests="9" name="prime_factors.PrimeFactorsTest" time="0.016" errors="0" timestamp="2021-11-08T15:23:19 BRT" skipped="0">
  <testcase classname="prime_factors.PrimeFactorsTest" name="testPrimeFa" time="0.001"/>
  <system-out/>
  <testcase classname="prime_factors.PrimeFactorsTest" name="testPrimeFa" time="0.008"/>
  <system-out/>
  <testcase classname="prime_factors.PrimeFactorsTest" name="testPrimeFa" time="0.001"/>
  <system-out/>
  <testcase classname="prime_factors.PrimeFactorsTest" name="testPrimeFa" time="0.000"/>
  <system-out/>
  <testcase classname="prime_factors.PrimeFactorsTest" name="testPrimeFa" time="0.001"/>
  <system-out/>
  <testcase classname="prime_factors.PrimeFactorsTest" name="testPrimeFa" time="0.002"/>
  <system-out/>
  <testcase classname="prime_factors.PrimeFactorsTest" name="testPrimeFa" time="0.001"/>
  <system-out/>
  <testcase classname="prime_factors.PrimeFactorsTest" name="testPrimeFa" time="0.001"/>
  <system-out/>
  <testcase classname="prime_factors.PrimeFactorsTest" name="testPrimeFa" time="0.001"/>
  <system-out/>
</testsuite> <!-- prime_factors.PrimeFactorsTest -->
