<?xml version="1.0" encoding="UTF-8"?>
<!-- Generated by org.testng.reporters.JUnitReportReporter -->
<testsuite hostname="LAPTOP-U67VVUK3" failures="0" tests="9" name="prime_factors.PrimeFactorsTest" time="0.014" errors="0" timestamp="2021-11-08T17:17:38 BRT" skipped="0">
  <testcase classname="prime_factors.PrimeFactorsTest" name="testPrimeFactors" time="0.001"/>
  <system-out/>
  <testcase classname="prime_factors.PrimeFactorsTest" name="testPrimeFactors" time="0.001"/>
  <system-out/>
  <testcase classname="prime_factors.PrimeFactorsTest" name="testPrimeFactors" time="0.007"/>
  <system-out/>
  <testcase classname="prime_factors.PrimeFactorsTest" name="testPrimeFactors" time="0.001"/>
  <system-out/>
  <testcase classname="prime_factors.PrimeFactorsTest" name="testPrimeFactors" time="0.001"/>
  <system-out/>
  <testcase classname="prime_factors.PrimeFactorsTest" name="testPrimeFactors" time="0.000"/>
  <system-out/>
  <testcase classname="prime_factors.PrimeFactorsTest" name="testPrimeFactors" time="0.001"/>
  <system-out/>
  <testcase classname="prime_factors.PrimeFactorsTest" name="testPrimeFactors" time="0.001"/>
  <system-out/>
  <testcase classname="prime_factors.PrimeFactorsTest" name="testPrimeFactors" time="0.001"/>
  <system-out/>
</testsuite> <!-- prime_factors.PrimeFactorsTest -->
